c:\users\rick\documents\code\cptr_124_w14\quiz17b\debug\vc120.pdb
c:\users\rick\documents\code\cptr_124_w14\quiz17b\debug\vc120.idb
c:\users\rick\documents\code\cptr_124_w14\quiz17b\debug\quiz17b.obj
c:\users\rick\documents\code\cptr_124_w14\quiz17b\debug\bar.obj
c:\users\rick\documents\code\cptr_124_w14\debug\quiz17b.pdb
c:\users\rick\documents\code\cptr_124_w14\quiz17b\debug\quiz17b.tlog\cl.command.1.tlog
c:\users\rick\documents\code\cptr_124_w14\quiz17b\debug\quiz17b.tlog\cl.read.1.tlog
c:\users\rick\documents\code\cptr_124_w14\quiz17b\debug\quiz17b.tlog\cl.write.1.tlog
c:\users\rick\documents\code\cptr_124_w14\quiz17b\debug\quiz17b.tlog\link-cvtres.read.1.tlog
c:\users\rick\documents\code\cptr_124_w14\quiz17b\debug\quiz17b.tlog\link-cvtres.write.1.tlog
c:\users\rick\documents\code\cptr_124_w14\quiz17b\debug\quiz17b.tlog\link-rc.read.1.tlog
c:\users\rick\documents\code\cptr_124_w14\quiz17b\debug\quiz17b.tlog\link-rc.write.1.tlog
c:\users\rick\documents\code\cptr_124_w14\quiz17b\debug\quiz17b.tlog\link.1768-cvtres.read.1.tlog
c:\users\rick\documents\code\cptr_124_w14\quiz17b\debug\quiz17b.tlog\link.1768-cvtres.write.1.tlog
c:\users\rick\documents\code\cptr_124_w14\quiz17b\debug\quiz17b.tlog\link.1768-rc.read.1.tlog
c:\users\rick\documents\code\cptr_124_w14\quiz17b\debug\quiz17b.tlog\link.1768-rc.write.1.tlog
c:\users\rick\documents\code\cptr_124_w14\quiz17b\debug\quiz17b.tlog\link.1768.read.1.tlog
c:\users\rick\documents\code\cptr_124_w14\quiz17b\debug\quiz17b.tlog\link.1768.write.1.tlog
c:\users\rick\documents\code\cptr_124_w14\quiz17b\debug\quiz17b.tlog\link.command.1.tlog
c:\users\rick\documents\code\cptr_124_w14\quiz17b\debug\quiz17b.tlog\link.read.1.tlog
c:\users\rick\documents\code\cptr_124_w14\quiz17b\debug\quiz17b.tlog\link.write.1.tlog
